proguard-project.txt
# To enable ProGuard in your project, edit project.properties
# to define the proguard.config property as described in that file.
#
# Add project specific ProGuard rules here.
# By default, the flags in this file are appended to flags specified
# in ${sdk.dir}/tools/proguard/proguard-android.txt
# You can edit the include path and order by changing the ProGuard
# include property in project.properties.
#
# For more details, see
#   http://developer.android.com/guide/developing/tools/proguard.html

# Add any project specific keep options here:

# If your project uses WebView with JS, uncomment the following
# and specify the fully qualified class name to the JavaScript interface
# class:

#sherlockactiobar
-keep class com.actionbarsherlock.** {
  public protected *;
}
#slidingmenu
-keep class com.jeremyfeinstein.slidingmenu.** {
  public protected *;
}
#htmlparser
-keep class org.htmlparser.** {
  public protected *;
}

#百度
-keep class com.baidu.mobads.** {
  public protected *;
}

#芒果
-dontwarn
-libraryjars /libs/AdsMOGO_Android_SDK_1.5.0.jar
-keep public class com.greenidea.** {*;} 
-keep public class android.admore.mobile.lite.** {*;} 
-keep public class android.admore.mobile.lite.inner.** {*;} 


# for smartmad ad sdk 
-keeppackagenames  cn.smartmad.ads.android 
-keep class  cn.smartmad.ads.android.* {*;}

# for wqmobile ad sdk 
-keeppackagenames com.wqmobile 
-keep class   com.wqmobile.** {*;}


-optimizationpasses 5
-dontusemixedcaseclassnames
-dontskipnonpubliclibraryclasses
-dontpreverify
-verbose
-optimizations !code/simplification/arithmetic,!field/*,!class/merging/*

-keep public class * extends android.app.Activity
-keep public class * extends android.app.Application
-keep public class * extends android.app.Service
-keep public class * extends android.content.BroadcastReceiver
-keep public class * extends android.content.ContentProvider
-keep public class * extends android.app.backup.BackupAgentHelper
-keep public class * extends android.preference.Preference
-keep public class com.android.vending.licensing.ILicensingService

-keepclasseswithmembernames class * {
    native <methods>;
}

-keepclasseswithmembernames class * {
    public <init>(android.content.Context, android.util.AttributeSet);
}

-keepclasseswithmembernames class * {
    public <init>(android.content.Context, android.util.AttributeSet, int);
}

-keepclassmembers enum * {
    public static **[] values();
    public static ** valueOf(java.lang.String);
}

-keep class * implements android.os.Parcelable {
  public static final android.os.Parcelable$Creator *;
}

#有米
-dontwarn net.youmi.android.**
-keep class net.youmi.android.** {
*;  
}  