proguard/seeds.txt
com.greenidea.buswhere.BuildConfig
com.greenidea.buswhere.BuildConfig: boolean DEBUG
com.greenidea.buswhere.BuildConfig: BuildConfig()
com.greenidea.buswhere.R
com.greenidea.buswhere.R: R()
com.greenidea.buswhere.R$anim
com.greenidea.buswhere.R$anim: int rotate
com.greenidea.buswhere.R$anim: int scroll_in
com.greenidea.buswhere.R$anim: int scroll_out
com.greenidea.buswhere.R$anim: int slide_in
com.greenidea.buswhere.R$anim: int slide_out
com.greenidea.buswhere.R$anim: R$anim()
com.greenidea.buswhere.R$attr
com.greenidea.buswhere.R$attr: int actionBarDivider
com.greenidea.buswhere.R$attr: int actionBarItemBackground
com.greenidea.buswhere.R$attr: int actionBarSize
com.greenidea.buswhere.R$attr: int actionBarSplitStyle
com.greenidea.buswhere.R$attr: int actionBarStyle
com.greenidea.buswhere.R$attr: int actionBarTabBarStyle
com.greenidea.buswhere.R$attr: int actionBarTabStyle
com.greenidea.buswhere.R$attr: int actionBarTabTextStyle
com.greenidea.buswhere.R$attr: int actionBarWidgetTheme
com.greenidea.buswhere.R$attr: int actionButtonStyle
com.greenidea.buswhere.R$attr: int actionDropDownStyle
com.greenidea.buswhere.R$attr: int actionMenuTextAppearance
com.greenidea.buswhere.R$attr: int actionMenuTextColor
com.greenidea.buswhere.R$attr: int actionModeBackground
com.greenidea.buswhere.R$attr: int actionModeCloseButtonStyle
com.greenidea.buswhere.R$attr: int actionModeCloseDrawable
com.greenidea.buswhere.R$attr: int actionModePopupWindowStyle
com.greenidea.buswhere.R$attr: int actionModeShareDrawable
com.greenidea.buswhere.R$attr: int actionModeSplitBackground
com.greenidea.buswhere.R$attr: int actionModeStyle
com.greenidea.buswhere.R$attr: int actionOverflowButtonStyle
com.greenidea.buswhere.R$attr: int actionSpinnerItemStyle
com.greenidea.buswhere.R$attr: int activatedBackgroundIndicator
com.greenidea.buswhere.R$attr: int activityChooserViewStyle
com.greenidea.buswhere.R$attr: int background
com.greenidea.buswhere.R$attr: int backgroundSplit
com.greenidea.buswhere.R$bool
com.greenidea.buswhere.R$bool: int abs__action_bar_embed_tabs
com.greenidea.buswhere.R$bool: int abs__action_bar_expanded_action_views_exclusive
com.greenidea.buswhere.R$bool: int abs__config_actionMenuItemAllCaps
com.greenidea.buswhere.R$bool: int abs__config_allowActionMenuItemTextWithIcon
com.greenidea.buswhere.R$bool: int abs__config_showMenuShortcutsWhenKeyboardPresent
com.greenidea.buswhere.R$bool: int abs__split_action_bar_is_narrow
com.greenidea.buswhere.R$bool: R$bool()
com.greenidea.buswhere.R$color
com.greenidea.buswhere.R$color: int abs__background_holo_dark
com.greenidea.buswhere.R$color: int abs__background_holo_light
com.greenidea.buswhere.R$color: int abs__bright_foreground_disabled_holo_dark
com.greenidea.buswhere.R$color: int abs__bright_foreground_disabled_holo_light
com.greenidea.buswhere.R$color: int abs__bright_foreground_holo_dark
com.greenidea.buswhere.R$color: int abs__bright_foreground_holo_light
com.greenidea.buswhere.R$color: int abs__primary_text_disable_only_holo_dark
com.greenidea.buswhere.R$color: int abs__primary_text_disable_only_holo_light
com.greenidea.buswhere.R$color: int abs__primary_text_holo_dark
com.greenidea.buswhere.R$color: int abs__primary_text_holo_light
com.greenidea.buswhere.R$color: int actionbar
com.greenidea.buswhere.R$color: int menuBack
com.greenidea.buswhere.R$color: int textColor
com.greenidea.buswhere.R$color: int transparent
com.greenidea.buswhere.R$color: int workTime
com.greenidea.buswhere.R$color: R$color()
...
com.actionbarsherlock.internal.view.menu.MenuPresenter
com.actionbarsherlock.internal.view.menu.MenuPresenter: void initForMenu(android.content.Context,com.actionbarsherlock.internal.view.menu.MenuBuilder)
com.actionbarsherlock.internal.view.menu.MenuPresenter: com.actionbarsherlock.internal.view.menu.MenuView getMenuView(android.view.ViewGroup)
com.actionbarsherlock.internal.view.menu.MenuPresenter: void updateMenuView(boolean)
com.actionbarsherlock.internal.view.menu.MenuPresenter: void setCallback(com.actionbarsherlock.internal.view.menu.MenuPresenter$Callback)
com.actionbarsherlock.internal.view.menu.MenuPresenter: boolean onSubMenuSelected(com.actionbarsherlock.internal.view.menu.SubMenuBuilder)
com.actionbarsherlock.internal.view.menu.MenuPresenter: void onCloseMenu(com.actionbarsherlock.internal.view.menu.MenuBuilder,boolean)
com.actionbarsherlock.internal.view.menu.MenuPresenter: boolean flagActionItems()
com.actionbarsherlock.internal.view.menu.MenuPresenter: boolean expandItemActionView(com.actionbarsherlock.internal.view.menu.MenuBuilder,com.actionbarsherlock.internal.view.menu.MenuItemImpl)
com.actionbarsherlock.internal.view.menu.MenuPresenter: boolean collapseItemActionView(com.actionbarsherlock.internal.view.menu.MenuBuilder,com.actionbarsherlock.internal.view.menu.MenuItemImpl)
com.actionbarsherlock.internal.view.menu.MenuPresenter: int getId()
com.actionbarsherlock.internal.view.menu.MenuPresenter: android.os.Parcelable onSaveInstanceState()
com.actionbarsherlock.internal.view.menu.MenuPresenter$Callback
com.actionbarsherlock.internal.view.menu.MenuPresenter$Callback: void onCloseMenu(com.actionbarsherlock.internal.view.menu.MenuBuilder,boolean)
com.actionbarsherlock.internal.view.menu.MenuPresenter$Callback: boolean onOpenSubMenu(com.actionbarsherlock.internal.view.menu.MenuBuilder)
com.actionbarsherlock.internal.view.menu.MenuView
com.actionbarsherlock.internal.view.menu.MenuView: void initialize(com.actionbarsherlock.internal.view.menu.MenuBuilder)
com.actionbarsherlock.internal.view.menu.MenuView: int getWindowAnimations()
com.actionbarsherlock.internal.view.menu.MenuView$ItemView
com.actionbarsherlock.internal.view.menu.MenuView$ItemView: void initialize(com.actionbarsherlock.internal.view.menu.MenuItemImpl,int)
com.actionbarsherlock.internal.view.menu.MenuView$ItemView: com.actionbarsherlock.internal.view.menu.MenuItemImpl getItemData()
com.actionbarsherlock.internal.view.menu.MenuView$ItemView: void setTitle(java.lang.CharSequence)
com.actionbarsherlock.internal.view.menu.MenuView$ItemView: void setEnabled(boolean)
com.actionbarsherlock.internal.view.menu.MenuView$ItemView: void setCheckable(boolean)
com.actionbarsherlock.internal.view.menu.MenuView$ItemView: void setChecked(boolean)
com.actionbarsherlock.internal.view.menu.MenuView$ItemView: void setShortcut(boolean,char)
com.actionbarsherlock.internal.view.menu.MenuView$ItemView: void setIcon(android.graphics.drawable.Drawable)
com.actionbarsherlock.internal.view.menu.MenuView$ItemView: boolean prefersCondensedTitle()
com.actionbarsherlock.internal.view.menu.MenuView$ItemView: boolean showsIcon()