proguard/mapping.txt
com.greenidea.buswhere.BuildConfig -> com.greenidea.buswhere.BuildConfig:
    boolean DEBUG -> DEBUG
com.greenidea.buswhere.R -> com.greenidea.buswhere.R:
com.greenidea.buswhere.R$anim -> com.greenidea.buswhere.R$anim:
    int rotate -> rotate
    int scroll_in -> scroll_in
    int scroll_out -> scroll_out
    int slide_in -> slide_in
    int slide_out -> slide_out
com.greenidea.buswhere.R$attr -> com.greenidea.buswhere.R$attr:
    int actionBarDivider -> actionBarDivider
    int actionBarItemBackground -> actionBarItemBackground
    int actionBarSize -> actionBarSize
    int actionBarSplitStyle -> actionBarSplitStyle
    int actionBarStyle -> actionBarStyle
    int actionBarTabBarStyle -> actionBarTabBarStyle
    int actionBarTabStyle -> actionBarTabStyle
    int actionBarTabTextStyle -> actionBarTabTextStyle
    int actionBarWidgetTheme -> actionBarWidgetTheme
    int actionButtonStyle -> actionButtonStyle
    int actionDropDownStyle -> actionDropDownStyle
    int actionMenuTextAppearance -> actionMenuTextAppearance
    int actionMenuTextColor -> actionMenuTextColor
    int actionModeBackground -> actionModeBackground
    int actionModeCloseButtonStyle -> actionModeCloseButtonStyle
    int actionModeCloseDrawable -> actionModeCloseDrawable
    int actionModePopupWindowStyle -> actionModePopupWindowStyle
    int actionModeShareDrawable -> actionModeShareDrawable
    int actionModeSplitBackground -> actionModeSplitBackground
    int actionModeStyle -> actionModeStyle
    int actionOverflowButtonStyle -> actionOverflowButtonStyle
    int actionSpinnerItemStyle -> actionSpinnerItemStyle
    int activatedBackgroundIndicator -> activatedBackgroundIndicator
    int activityChooserViewStyle -> activityChooserViewStyle
    int background -> background
    int backgroundSplit -> backgroundSplit
    int backgroundStacked -> backgroundStacked
com.greenidea.buswhere.R$bool -> com.greenidea.buswhere.R$bool:
    int abs__action_bar_embed_tabs -> abs__action_bar_embed_tabs
    int abs__action_bar_expanded_action_views_exclusive -> abs__action_bar_expanded_action_views_exclusive
    int abs__config_actionMenuItemAllCaps -> abs__config_actionMenuItemAllCaps
    int abs__config_allowActionMenuItemTextWithIcon -> abs__config_allowActionMenuItemTextWithIcon
    int abs__config_showMenuShortcutsWhenKeyboardPresent -> abs__config_showMenuShortcutsWhenKeyboardPresent
    int abs__split_action_bar_is_narrow -> abs__split_action_bar_is_narrow
com.greenidea.buswhere.R$color -> com.greenidea.buswhere.R$color:
    int abs__background_holo_dark -> abs__background_holo_dark
    int abs__background_holo_light -> abs__background_holo_light
    int abs__bright_foreground_disabled_holo_dark -> abs__bright_foreground_disabled_holo_dark
    int abs__bright_foreground_disabled_holo_light -> abs__bright_foreground_disabled_holo_light
    int abs__bright_foreground_holo_dark -> abs__bright_foreground_holo_dark
    int abs__bright_foreground_holo_light -> abs__bright_foreground_holo_light
    int abs__primary_text_disable_only_holo_dark -> abs__primary_text_disable_only_holo_dark
    int abs__primary_text_disable_only_holo_light -> abs__primary_text_disable_only_holo_light
    int abs__primary_text_holo_dark -> abs__primary_text_holo_dark
    int abs__primary_text_holo_light -> abs__primary_text_holo_light
    int actionbar -> actionbar
    int menuBack -> menuBack
    int textColor -> textColor
    int transparent -> transparent
    int workTime -> workTime
...
android.support.v4.view.VelocityTrackerCompat$BaseVelocityTrackerVersionImpl -> android.support.v4.view.z:
    float getXVelocity(android.view.VelocityTracker,int) -> a
    float getYVelocity(android.view.VelocityTracker,int) -> b
android.support.v4.view.VelocityTrackerCompat$HoneycombVelocityTrackerVersionImpl -> android.support.v4.view.aa:
    float getXVelocity(android.view.VelocityTracker,int) -> a
    float getYVelocity(android.view.VelocityTracker,int) -> b
android.support.v4.view.VelocityTrackerCompat$VelocityTrackerVersionImpl -> android.support.v4.view.ab:
    float getXVelocity(android.view.VelocityTracker,int) -> a
    float getYVelocity(android.view.VelocityTracker,int) -> b
android.support.v4.view.VelocityTrackerCompatHoneycomb -> android.support.v4.view.ac:
    float getXVelocity(android.view.VelocityTracker,int) -> a
    float getYVelocity(android.view.VelocityTracker,int) -> b
android.support.v4.view.ViewCompat -> android.support.v4.view.ad:
    android.support.v4.view.ViewCompat$ViewCompatImpl IMPL -> a
    boolean canScrollHorizontally(android.view.View,int) -> a
    int getOverScrollMode(android.view.View) -> a
    void setAccessibilityDelegate(android.view.View,android.support.v4.view.AccessibilityDelegateCompat) -> a
    void postInvalidateOnAnimation(android.view.View) -> b
    void postInvalidateOnAnimation(android.view.View,int,int,int,int) -> a
    void postOnAnimation(android.view.View,java.lang.Runnable) -> a
    void setImportantForAccessibility(android.view.View,int) -> b
    void setLayerType(android.view.View,int,android.graphics.Paint) -> a
    int getLayerType(android.view.View) -> c
    void setLayerPaint(android.view.View,android.graphics.Paint) -> a
    int getLayoutDirection(android.view.View) -> d
    boolean isOpaque(android.view.View) -> e
android.support.v4.view.ViewCompat$BaseViewCompatImpl -> android.support.v4.view.ae:
    java.util.WeakHashMap mViewPropertyAnimatorCompatMap -> a
    boolean canScrollHorizontally(android.view.View,int) -> a
    int getOverScrollMode(android.view.View) -> a
    void setAccessibilityDelegate(android.view.View,android.support.v4.view.AccessibilityDelegateCompat) -> a
    void postInvalidateOnAnimation(android.view.View) -> b
    void postInvalidateOnAnimation(android.view.View,int,int,int,int) -> a
    void postOnAnimation(android.view.View,java.lang.Runnable) -> a
    long getFrameTime() -> a
    void setImportantForAccessibility(android.view.View,int) -> b
    void setLayerType(android.view.View,int,android.graphics.Paint) -> a
    int getLayerType(android.view.View) -> c
    void setLayerPaint(android.view.View,android.graphics.Paint) -> a
    int getLayoutDirection(android.view.View) -> d
    boolean isOpaque(android.view.View) -> e
android.support.v4.view.ViewCompat$EclairMr1ViewCompatImpl -> android.support.v4.view.af:
    boolean isOpaque(android.view.View) -> e
android.support.v4.view.ViewCompat$GBViewCompatImpl -> android.support.v4.view.ag:
    int getOverScrollMode(android.view.View) -> a
android.support.v4.view.ViewCompat$HCViewCompatImpl -> android.support.v4.view.ah:
    long getFrameTime() -> a
    void setLayerType(android.view.View,int,android.graphics.Paint) -> a
    int getLayerType(android.view.View) -> c
    void setLayerPaint(android.view.View,android.graphics.Paint) -> a
android.support.v4.view.ViewCompat$ICSViewCompatImpl -> android.support.v4.view.ai:
    boolean canScrollHorizontally(android.view.View,int) -> a
    void setAccessibilityDelegate(android.view.View,android.support.v4.view.AccessibilityDelegateCompat) -> a
android.support.v4.view.ViewCompat$JBViewCompatImpl -> android.support.v4.view.aj:
    void postInvalidateOnAnimation(android.view.View) -> b
    void postInvalidateOnAnimation(android.view.View,int,int,int,int) -> a
    void postOnAnimation(android.view.View,java.lang.Runnable) -> a
    void setImportantForAccessibility(android.view.View,int) -> b